c:\users\stylianos\desktop\cmp303-gs\cmp303-gs\x64\debug\vc142.pdb
c:\users\stylianos\desktop\cmp303-gs\cmp303-gs\x64\debug\vc142.idb
c:\users\stylianos\desktop\cmp303-gs\cmp303-gs\x64\debug\main.obj
c:\users\stylianos\desktop\cmp303-gs\cmp303-gs\x64\debug\leveltiles.obj
c:\users\stylianos\desktop\cmp303-gs\cmp303-gs\x64\debug\level.obj
c:\users\stylianos\desktop\cmp303-gs\cmp303-gs\x64\debug\bullet.obj
c:\users\stylianos\desktop\cmp303-gs\cmp303-gs\x64\debug\vector.obj
c:\users\stylianos\desktop\cmp303-gs\cmp303-gs\x64\debug\tilemap.obj
c:\users\stylianos\desktop\cmp303-gs\cmp303-gs\x64\debug\soundobject.obj
c:\users\stylianos\desktop\cmp303-gs\cmp303-gs\x64\debug\musicobject.obj
c:\users\stylianos\desktop\cmp303-gs\cmp303-gs\x64\debug\input.obj
c:\users\stylianos\desktop\cmp303-gs\cmp303-gs\x64\debug\gamestate.obj
c:\users\stylianos\desktop\cmp303-gs\cmp303-gs\x64\debug\gameobject.obj
c:\users\stylianos\desktop\cmp303-gs\cmp303-gs\x64\debug\collision.obj
c:\users\stylianos\desktop\cmp303-gs\cmp303-gs\x64\debug\audiomanager.obj
c:\users\stylianos\desktop\cmp303-gs\cmp303-gs\x64\debug\animation.obj
c:\users\stylianos\desktop\cmp303-gs\cmp303-gs\x64\debug\player.obj
c:\users\stylianos\desktop\cmp303-gs\cmp303-gs\x64\debug\bulletmanager.obj
c:\users\stylianos\desktop\cmp303-gs\x64\debug\cmp303-gs.exe
c:\users\stylianos\desktop\cmp303-gs\cmp303-gs\x64\debug\cmp303-gs.ilk
c:\users\stylianos\desktop\cmp303-gs\x64\debug\cmp303-gs.pdb
c:\users\stylianos\desktop\cmp303-gs\cmp303-gs\x64\debug\main.obj.enc
c:\users\stylianos\desktop\cmp303-gs\cmp303-gs\x64\debug\cmp303-gs.tlog\cl.command.1.tlog
c:\users\stylianos\desktop\cmp303-gs\cmp303-gs\x64\debug\cmp303-gs.tlog\cl.read.1.tlog
c:\users\stylianos\desktop\cmp303-gs\cmp303-gs\x64\debug\cmp303-gs.tlog\cl.write.1.tlog
c:\users\stylianos\desktop\cmp303-gs\cmp303-gs\x64\debug\cmp303-gs.tlog\link.command.1.tlog
c:\users\stylianos\desktop\cmp303-gs\cmp303-gs\x64\debug\cmp303-gs.tlog\link.read.1.tlog
c:\users\stylianos\desktop\cmp303-gs\cmp303-gs\x64\debug\cmp303-gs.tlog\link.write.1.tlog
