c:\users\stylianos\desktop\cmp303\cmp303cw\x64\debug\vc142.pdb
c:\users\stylianos\desktop\cmp303\cmp303cw\x64\debug\vc142.idb
c:\users\stylianos\desktop\cmp303\cmp303cw\x64\debug\player.obj
c:\users\stylianos\desktop\cmp303\cmp303cw\x64\debug\matchmakinglevel.obj
c:\users\stylianos\desktop\cmp303\cmp303cw\x64\debug\main.obj
c:\users\stylianos\desktop\cmp303\cmp303cw\x64\debug\leveltiles.obj
c:\users\stylianos\desktop\cmp303\cmp303cw\x64\debug\level.obj
c:\users\stylianos\desktop\cmp303\cmp303cw\x64\debug\gui.obj
c:\users\stylianos\desktop\cmp303\cmp303cw\x64\debug\vector.obj
c:\users\stylianos\desktop\cmp303\cmp303cw\x64\debug\tilemap.obj
c:\users\stylianos\desktop\cmp303\cmp303cw\x64\debug\soundobject.obj
c:\users\stylianos\desktop\cmp303\cmp303cw\x64\debug\musicobject.obj
c:\users\stylianos\desktop\cmp303\cmp303cw\x64\debug\input.obj
c:\users\stylianos\desktop\cmp303\cmp303cw\x64\debug\gamestate.obj
c:\users\stylianos\desktop\cmp303\cmp303cw\x64\debug\gameobject.obj
c:\users\stylianos\desktop\cmp303\cmp303cw\x64\debug\collision.obj
c:\users\stylianos\desktop\cmp303\cmp303cw\x64\debug\audiomanager.obj
c:\users\stylianos\desktop\cmp303\cmp303cw\x64\debug\animation.obj
c:\users\stylianos\desktop\cmp303\cmp303cw\x64\debug\bulletmanager.obj
c:\users\stylianos\desktop\cmp303\cmp303cw\x64\debug\bullet.obj
c:\users\stylianos\desktop\cmp303\cmp303cw\x64\debug\background.obj
c:\users\stylianos\desktop\cmp303\x64\debug\cmp303cw.exe
c:\users\stylianos\desktop\cmp303\cmp303cw\x64\debug\cmp303cw.ilk
c:\users\stylianos\desktop\cmp303\x64\debug\cmp303cw.pdb
c:\users\stylianos\desktop\cmp303\cmp303cw\x64\debug\main.obj.enc
c:\users\stylianos\desktop\cmp303\x64\debug\cmp303cw.ilk
c:\users\stylianos\desktop\cmp303\cmp303cw\x64\debug\cmp303cw.tlog\cl.command.1.tlog
c:\users\stylianos\desktop\cmp303\cmp303cw\x64\debug\cmp303cw.tlog\cl.read.1.tlog
c:\users\stylianos\desktop\cmp303\cmp303cw\x64\debug\cmp303cw.tlog\cl.write.1.tlog
c:\users\stylianos\desktop\cmp303\cmp303cw\x64\debug\cmp303cw.tlog\link.command.1.tlog
c:\users\stylianos\desktop\cmp303\cmp303cw\x64\debug\cmp303cw.tlog\link.delete.1.tlog
c:\users\stylianos\desktop\cmp303\cmp303cw\x64\debug\cmp303cw.tlog\link.read.1.tlog
c:\users\stylianos\desktop\cmp303\cmp303cw\x64\debug\cmp303cw.tlog\link.write.1.tlog
